<?xml version="1.0" encoding="UTF-8"?>
<!-- Generated by org.testng.reporters.JUnitReportReporter -->
<testsuite hostname="DESKTOP-S7VGL1N" failures="0" tests="3" name="mar17.Demo3" time="0.106" errors="0" timestamp="2021-03-19T09:43:42 IST" skipped="0">
  <testcase classname="mar17.Demo3" name="test3" time="0.047"/>
  <system-out/>
  <testcase classname="mar17.Demo3" name="test2" time="0.012"/>
  <system-out/>
  <testcase classname="mar17.Demo3" name="test1" time="0.047"/>
  <system-out/>
</testsuite> <!-- mar17.Demo3 -->
