<?xml version="1.0" encoding="UTF-8"?>
<!-- Generated by org.testng.reporters.JUnitReportReporter -->
<testsuite hostname="DESKTOP-S7VGL1N" failures="0" tests="1" name="mar16.NewTest" time="0.015" errors="0" timestamp="2021-03-19T09:43:42 IST" skipped="0">
  <testcase classname="mar16.NewTest" name="fun" time="0.015"/>
  <system-out/>
</testsuite> <!-- mar16.NewTest -->
