<?xml version="1.0" encoding="UTF-8"?>
<!-- Generated by org.testng.reporters.JUnitReportReporter -->
<testsuite hostname="DESKTOP-S7VGL1N" failures="0" tests="3" name="mar17.Demo4" time="0.062" errors="0" timestamp="2021-03-20T13:20:51 IST" skipped="0">
  <testcase classname="mar17.Demo4" name="test1" time="0.035"/>
  <system-out/>
  <testcase classname="mar17.Demo4" name="test2" time="0.013"/>
  <system-out/>
  <testcase classname="mar17.Demo4" name="test3" time="0.014"/>
  <system-out/>
</testsuite> <!-- mar17.Demo4 -->
