<?xml version="1.0" encoding="UTF-8"?>
<!-- Generated by org.testng.reporters.JUnitReportReporter -->
<testsuite hostname="DESKTOP-S7VGL1N" failures="0" tests="3" name="mar17.Demo2" time="0.049" errors="0" timestamp="2021-03-22T16:31:04 IST" skipped="0">
  <testcase classname="mar17.Demo2" name="test2" time="0.012"/>
  <system-out/>
  <testcase classname="mar17.Demo2" name="test3" time="0.010"/>
  <system-out/>
  <testcase classname="mar17.Demo2" name="test1" time="0.027"/>
  <system-out/>
</testsuite> <!-- mar17.Demo2 -->
